f:\workcpp\表白all\x64\debug\vc143.pdb
f:\workcpp\表白all\x64\debug\vc143.idb
f:\workcpp\表白all\x64\debug\vector2.obj
f:\workcpp\表白all\x64\debug\tools.obj
f:\workcpp\表白all\x64\debug\main.obj
f:\workcpp\表白all\x64\debug\net.obj
f:\workcpp\表白all\x64\debug\表白all.exe
f:\workcpp\表白all\x64\debug\表白all.ilk
f:\workcpp\表白all\x64\debug\表白all.pdb
f:\workcpp\表白all\x64\debug\fire.obj
f:\workcpp\表白all\x64\debug\image.obj
f:\workcpp\表白all\x64\debug\liuxin.obj
f:\workcpp\表白all\x64\debug\star.obj
f:\workcpp\表白all\x64\debug\流星.obj
f:\workcpp\表白all\x64\debug\表白all.tlog\cl.command.1.tlog
f:\workcpp\表白all\x64\debug\表白all.tlog\cl.read.1.tlog
f:\workcpp\表白all\x64\debug\表白all.tlog\cl.write.1.tlog
f:\workcpp\表白all\x64\debug\表白all.tlog\link.command.1.tlog
f:\workcpp\表白all\x64\debug\表白all.tlog\link.read.1.tlog
f:\workcpp\表白all\x64\debug\表白all.tlog\link.write.1.tlog
